###############################################################################
#
# IAR ANSI C/C++ Compiler V7.50.1.10123/W32 for ARM       06/Sep/2017  10:50:15
# Copyright 1999-2015 IAR Systems AB.
#
#    Cpu mode     =  thumb
#    Endian       =  little
#    Source file  =  F:\iar\NC136B-310统计模块\Software\BSP\Driver\bsp_gpio.c
#    Command line =  
#        F:\iar\NC136B-310统计模块\Software\BSP\Driver\bsp_gpio.c -lCN
#        F:\iar\NC136B-310统计模块\Software\EvalBoards\NXP\LPC1768-SK\uCOS-III\IAR\FLASH\List
#        --diag_suppress Pa050 -o
#        F:\iar\NC136B-310统计模块\Software\EvalBoards\NXP\LPC1768-SK\uCOS-III\IAR\FLASH\Obj
#        --no_cse --no_unroll --no_inline --no_code_motion --no_tbaa
#        --no_clustering --no_scheduling --debug --endian=little
#        --cpu=Cortex-M3 -e --fpu=None --dlib_config "C:\Program Files
#        (x86)\IAR Systems\Embedded Workbench
#        7.3\arm\INC\c\DLib_Config_Normal.h" -I
#        F:\iar\NC136B-310统计模块\Software\EvalBoards\NXP\LPC1768-SK\uCOS-III\IAR\
#        -I
#        F:\iar\NC136B-310统计模块\Software\EvalBoards\NXP\LPC1768-SK\uCOS-III\IAR\..\..\uCOS-III\
#        -I
#        F:\iar\NC136B-310统计模块\Software\EvalBoards\NXP\LPC1768-SK\uCOS-III\IAR\..\..\BSP\
#        -I
#        F:\iar\NC136B-310统计模块\Software\EvalBoards\NXP\LPC1768-SK\uCOS-III\IAR\..\..\BSP\IAR\
#        -I
#        F:\iar\NC136B-310统计模块\Software\EvalBoards\NXP\LPC1768-SK\uCOS-III\IAR\..\..\BSP\OS\uCOS-III\
#        -I
#        F:\iar\NC136B-310统计模块\Software\EvalBoards\NXP\LPC1768-SK\uCOS-III\IAR\..\..\..\..\..\uC-CSP\MCU\
#        -I
#        F:\iar\NC136B-310统计模块\Software\EvalBoards\NXP\LPC1768-SK\uCOS-III\IAR\..\..\..\..\..\uC-CSP\MCU\NXP\LPC17xx\LPC1768\
#        -I
#        F:\iar\NC136B-310统计模块\Software\EvalBoards\NXP\LPC1768-SK\uCOS-III\IAR\..\..\..\..\..\uC-CSP\MCU\NXP\LPC17xx\
#        -I
#        F:\iar\NC136B-310统计模块\Software\EvalBoards\NXP\LPC1768-SK\uCOS-III\IAR\..\..\..\..\..\uCOS-III\Ports\ARM-Cortex-M3\Generic\IAR\
#        -I
#        F:\iar\NC136B-310统计模块\Software\EvalBoards\NXP\LPC1768-SK\uCOS-III\IAR\..\..\..\..\..\uCOS-III\Ports\ARM-Cortex-M3\CSP\
#        -I
#        F:\iar\NC136B-310统计模块\Software\EvalBoards\NXP\LPC1768-SK\uCOS-III\IAR\..\..\..\..\..\uCOS-III\Source\
#        -I
#        F:\iar\NC136B-310统计模块\Software\EvalBoards\NXP\LPC1768-SK\uCOS-III\IAR\..\..\..\..\..\uC-LIB\
#        -I
#        F:\iar\NC136B-310统计模块\Software\EvalBoards\NXP\LPC1768-SK\uCOS-III\IAR\..\..\..\..\..\uC-CPU\
#        -I
#        F:\iar\NC136B-310统计模块\Software\EvalBoards\NXP\LPC1768-SK\uCOS-III\IAR\..\..\..\..\..\uC-CPU\ARM-Cortex-M3\IAR\
#        -I
#        F:\iar\NC136B-310统计模块\Software\EvalBoards\NXP\LPC1768-SK\uCOS-III\IAR\..\..\..\..\..\uC-MB\Source\
#        -I
#        F:\iar\NC136B-310统计模块\Software\EvalBoards\NXP\LPC1768-SK\uCOS-III\IAR\..\..\..\..\..\uC-MB\Cfg\Template\
#        -I
#        F:\iar\NC136B-310统计模块\Software\EvalBoards\NXP\LPC1768-SK\uCOS-III\IAR\..\..\..\..\..\uC-MB\Os\uCOS-III\
#        -I
#        F:\iar\NC136B-310统计模块\Software\EvalBoards\NXP\LPC1768-SK\uCOS-III\IAR\..\..\..\..\..\OSAL\OS\
#        -I
#        F:\iar\NC136B-310统计模块\Software\EvalBoards\NXP\LPC1768-SK\uCOS-III\IAR\..\..\..\..\..\OSAL\Ports\
#        -I
#        F:\iar\NC136B-310统计模块\Software\EvalBoards\NXP\LPC1768-SK\uCOS-III\IAR\..\..\..\..\..\APP\User\
#        -I
#        F:\iar\NC136B-310统计模块\Software\EvalBoards\NXP\LPC1768-SK\uCOS-III\IAR\..\..\..\..\..\APP\Iap\
#        -I
#        F:\iar\NC136B-310统计模块\Software\EvalBoards\NXP\LPC1768-SK\uCOS-III\IAR\..\..\..\..\..\APP\Protocol\
#        -I
#        F:\iar\NC136B-310统计模块\Software\EvalBoards\NXP\LPC1768-SK\uCOS-III\IAR\..\..\..\..\..\APP\Tasks\
#        -I
#        F:\iar\NC136B-310统计模块\Software\EvalBoards\NXP\LPC1768-SK\uCOS-III\IAR\..\..\..\..\..\APP\AES\
#        -I
#        F:\iar\NC136B-310统计模块\Software\EvalBoards\NXP\LPC1768-SK\uCOS-III\IAR\..\..\..\..\..\BSP\OS\OSAL\
#        -I
#        F:\iar\NC136B-310统计模块\Software\EvalBoards\NXP\LPC1768-SK\uCOS-III\IAR\..\..\..\..\..\CSB\include\
#        -I
#        F:\iar\NC136B-310统计模块\Software\EvalBoards\NXP\LPC1768-SK\uCOS-III\IAR\..\..\..\..\..\BSP\Driver\
#        -I
#        F:\iar\NC136B-310统计模块\Software\EvalBoards\NXP\LPC1768-SK\uCOS-III\IAR\..\..\..\..\..\..\Application\
#        -I
#        F:\iar\NC136B-310统计模块\Software\EvalBoards\NXP\LPC1768-SK\uCOS-III\IAR\..\..\..\..\..\..\Application\User\
#        -I
#        F:\iar\NC136B-310统计模块\Software\EvalBoards\NXP\LPC1768-SK\uCOS-III\IAR\..\..\..\..\..\..\Application\User\APP\
#        -I
#        F:\iar\NC136B-310统计模块\Software\EvalBoards\NXP\LPC1768-SK\uCOS-III\IAR\..\..\..\..\..\..\Application\User\APP\MX25L1602Drv\
#        -I
#        F:\iar\NC136B-310统计模块\Software\EvalBoards\NXP\LPC1768-SK\uCOS-III\IAR\..\..\..\..\..\..\Application\User\APP\OCM800600T80\
#        -I
#        F:\iar\NC136B-310统计模块\Software\EvalBoards\NXP\LPC1768-SK\uCOS-III\IAR\..\..\..\..\..\..\Application\User\BSP\
#        -I
#        F:\iar\NC136B-310统计模块\Software\EvalBoards\NXP\LPC1768-SK\uCOS-III\IAR\..\..\..\..\..\..\Application\Library\CardOperations\
#        -I
#        F:\iar\NC136B-310统计模块\Software\EvalBoards\NXP\LPC1768-SK\uCOS-III\IAR\..\..\..\..\..\..\Application\Library\DataDeal\
#        -I
#        F:\iar\NC136B-310统计模块\Software\EvalBoards\NXP\LPC1768-SK\uCOS-III\IAR\..\..\..\..\..\..\Application\Library\Driver\
#        -I
#        F:\iar\NC136B-310统计模块\Software\EvalBoards\NXP\LPC1768-SK\uCOS-III\IAR\..\..\..\..\..\..\Application\Library\EquipmentOperations\
#        -I
#        F:\iar\NC136B-310统计模块\Software\EvalBoards\NXP\LPC1768-SK\uCOS-III\IAR\..\..\..\..\..\..\Application\Library\Global\
#        -I
#        F:\iar\NC136B-310统计模块\Software\EvalBoards\NXP\LPC1768-SK\uCOS-III\IAR\..\..\..\..\..\..\Application\Library\MastConTask\
#        -I
#        F:\iar\NC136B-310统计模块\Software\EvalBoards\NXP\LPC1768-SK\uCOS-III\IAR\..\..\..\..\..\..\Application\Library\SlaveConTask\
#        -I
#        F:\iar\NC136B-310统计模块\Software\EvalBoards\NXP\LPC1768-SK\uCOS-III\IAR\..\..\..\..\..\..\Application\Library\SpeedTest\
#        -I
#        F:\iar\NC136B-310统计模块\Software\EvalBoards\NXP\LPC1768-SK\uCOS-III\IAR\..\..\..\..\..\..\Application\Library\csnr_package_deal\
#        -I
#        F:\iar\NC136B-310统计模块\Software\EvalBoards\NXP\LPC1768-SK\uCOS-III\IAR\..\..\..\..\..\..\Application\Library\iap\
#        -On --use_c++_inline -I "C:\Program Files (x86)\IAR Systems\Embedded
#        Workbench 7.3\arm\CMSIS\Include\"
#    List file    =  
#        F:\iar\NC136B-310统计模块\Software\EvalBoards\NXP\LPC1768-SK\uCOS-III\IAR\FLASH\List\bsp_gpio.lst
#    Object file  =  
#        F:\iar\NC136B-310统计模块\Software\EvalBoards\NXP\LPC1768-SK\uCOS-III\IAR\FLASH\Obj\bsp_gpio.o
#
###############################################################################

F:\iar\NC136B-310统计模块\Software\BSP\Driver\bsp_gpio.c
      1          /*******************************************************************************
      2           *   Filename:      bsp_gpio.c
      3           *   Revised:       $Date: 2017-05-15$
      4           *   Revision:      $
      5           *   Writer:	    redmorningcn.
      6           *
      7           *   Description:
      8           *   Notes:
      9           *     			E-mail:redmorningcn@qq.com
     10           *
     11           *   All copyrights reserved to redmorningcn.
     12           *
     13           *******************************************************************************/
     14          #include 		<includes.h>  
     15          #include 		"string.h"
     16          #include    	"stdio.h" 
     17          #include   	 "stdarg.h"
     18          
     19          //-------------------------------------------------------------------------------------------------------
     20          //函数名称:         GPIO_SetOrClearValue()
     21          //功    能:         	对指定的端口写1或0
     22          //入口参数:         GpioNum:   引脚编号，由端口*100+ 引脚编号 组成。
     23          //                  		Val:   设定值，0 或
     24          //作		者:		redmorningcn
     25          //日		期:		2017-05-15
     26          //出口参数:         无
     27          //说明：            
     28          //--------------------------------------------------------------------------------------------------------

   \                                 In section .text, align 2, keep-with-next
     29          void	GPIO_SetOrClearValue(uint32_t GpioNum,uint8_t Val)
     30          {
   \                     GPIO_SetOrClearValue: (+1)
   \   00000000   0xB5F0             PUSH     {R4-R7,LR}
   \   00000002   0xB085             SUB      SP,SP,#+20
   \   00000004   0x0004             MOVS     R4,R0
   \   00000006   0x000D             MOVS     R5,R1
     31          	uint32 		PortBuf[] = {PINSEL_PORT_0,PINSEL_PORT_1,PINSEL_PORT_2,PINSEL_PORT_3,PINSEL_PORT_4};
   \   00000008   0x4668             MOV      R0,SP
   \   0000000A   0x....             LDR.N    R1,??DataTable2
   \   0000000C   0x2214             MOVS     R2,#+20
   \   0000000E   0x.... 0x....      BL       __aeabi_memcpy4
     32          	uint8		PortNum;
     33          	uint8		IoNum;
     34          
     35          	PortNum 	= GpioNum/100;
   \   00000012   0x2064             MOVS     R0,#+100
   \   00000014   0xFBB4 0xF0F0      UDIV     R0,R4,R0
   \   00000018   0x0006             MOVS     R6,R0
     36          	IoNum	= GpioNum%100;
   \   0000001A   0x2064             MOVS     R0,#+100
   \   0000001C   0xFBB4 0xF1F0      UDIV     R1,R4,R0
   \   00000020   0xFB00 0x4011      MLS      R0,R0,R1,R4
   \   00000024   0x0007             MOVS     R7,R0
     37          
     38          	GPIO_SetDir(PortBuf[PortNum], 0x01ul<<IoNum,1);
   \   00000026   0x2201             MOVS     R2,#+1
   \   00000028   0x2001             MOVS     R0,#+1
   \   0000002A   0xFA10 0xF107      LSLS     R1,R0,R7
   \   0000002E   0x4668             MOV      R0,SP
   \   00000030   0xB2F6             UXTB     R6,R6            ;; ZeroExt  R6,R6,#+24,#+24
   \   00000032   0xF850 0x0026      LDR      R0,[R0, R6, LSL #+2]
   \   00000036   0xB2C0             UXTB     R0,R0            ;; ZeroExt  R0,R0,#+24,#+24
   \   00000038   0x.... 0x....      BL       GPIO_SetDir
     39          	Val>0?GPIO_SetValue(PortBuf[PortNum], 0x01ul<<IoNum):
     40          			  GPIO_ClearValue(PortBuf[PortNum], 0x01ul<<IoNum);
   \   0000003C   0xB2ED             UXTB     R5,R5            ;; ZeroExt  R5,R5,#+24,#+24
   \   0000003E   0x2D00             CMP      R5,#+0
   \   00000040   0xD00A             BEQ.N    ??GPIO_SetOrClearValue_0
   \   00000042   0x2001             MOVS     R0,#+1
   \   00000044   0xFA10 0xF107      LSLS     R1,R0,R7
   \   00000048   0x4668             MOV      R0,SP
   \   0000004A   0xB2F6             UXTB     R6,R6            ;; ZeroExt  R6,R6,#+24,#+24
   \   0000004C   0xF850 0x0026      LDR      R0,[R0, R6, LSL #+2]
   \   00000050   0xB2C0             UXTB     R0,R0            ;; ZeroExt  R0,R0,#+24,#+24
   \   00000052   0x.... 0x....      BL       GPIO_SetValue
   \   00000056   0xE009             B.N      ??GPIO_SetOrClearValue_1
   \                     ??GPIO_SetOrClearValue_0: (+1)
   \   00000058   0x2001             MOVS     R0,#+1
   \   0000005A   0xFA10 0xF107      LSLS     R1,R0,R7
   \   0000005E   0x4668             MOV      R0,SP
   \   00000060   0xB2F6             UXTB     R6,R6            ;; ZeroExt  R6,R6,#+24,#+24
   \   00000062   0xF850 0x0026      LDR      R0,[R0, R6, LSL #+2]
   \   00000066   0xB2C0             UXTB     R0,R0            ;; ZeroExt  R0,R0,#+24,#+24
   \   00000068   0x.... 0x....      BL       GPIO_ClearValue
     41          }
   \                     ??GPIO_SetOrClearValue_1: (+1)
   \   0000006C   0xB005             ADD      SP,SP,#+20
   \   0000006E   0xBDF0             POP      {R4-R7,PC}       ;; return
     42          
     43          //-------------------------------------------------------------------------------------------------------
     44          //函数名称:         GPIO_PinselConfig()
     45          //功    能:         	配置引脚功能
     46          //入口参数:         GpioNum:   引脚编号，由端口*100+ 引脚编号 组成。
     47          //                  		FuncNum:    引脚功能号，一般功能0~4
     48          //作		者:		redmorningcn
     49          //日		期:		2017-05-15
     50          //出口参数:         无
     51          //说明：            
     52          //--------------------------------------------------------------------------------------------------------

   \                                 In section .text, align 2, keep-with-next
     53          void	GPIO_PinselConfig(uint8_t GpioNum,uint8_t FuncNum)
     54          {
   \                     GPIO_PinselConfig: (+1)
   \   00000000   0xB5F0             PUSH     {R4-R7,LR}
   \   00000002   0xB087             SUB      SP,SP,#+28
   \   00000004   0x0004             MOVS     R4,R0
   \   00000006   0x000D             MOVS     R5,R1
     55          	PINSEL_CFG_Type	PinCfg_Test;
     56          
     57          	uint32 		PortBuf[] = {PINSEL_PORT_0,PINSEL_PORT_1,PINSEL_PORT_2,PINSEL_PORT_3,PINSEL_PORT_4};
   \   00000008   0xA802             ADD      R0,SP,#+8
   \   0000000A   0x....             LDR.N    R1,??DataTable2_1
   \   0000000C   0x2214             MOVS     R2,#+20
   \   0000000E   0x.... 0x....      BL       __aeabi_memcpy4
     58          	uint8		PortNum;
     59          	uint8		IoNum;
     60          
     61          	PortNum 	= GpioNum/100;
   \   00000012   0xB2E4             UXTB     R4,R4            ;; ZeroExt  R4,R4,#+24,#+24
   \   00000014   0x2064             MOVS     R0,#+100
   \   00000016   0xFB94 0xF0F0      SDIV     R0,R4,R0
   \   0000001A   0x0006             MOVS     R6,R0
     62          	IoNum	= GpioNum%100;
   \   0000001C   0xB2E4             UXTB     R4,R4            ;; ZeroExt  R4,R4,#+24,#+24
   \   0000001E   0x2064             MOVS     R0,#+100
   \   00000020   0xFB94 0xF1F0      SDIV     R1,R4,R0
   \   00000024   0xFB00 0x4011      MLS      R0,R0,R1,R4
   \   00000028   0x0007             MOVS     R7,R0
     63          
     64          	PinCfg_Test.Portnum = PortBuf[PortNum];
   \   0000002A   0xA802             ADD      R0,SP,#+8
   \   0000002C   0xB2F6             UXTB     R6,R6            ;; ZeroExt  R6,R6,#+24,#+24
   \   0000002E   0xF850 0x0026      LDR      R0,[R0, R6, LSL #+2]
   \   00000032   0xF88D 0x0000      STRB     R0,[SP, #+0]
     65          	PinCfg_Test.Pinnum  = IoNum;
   \   00000036   0xF88D 0x7001      STRB     R7,[SP, #+1]
     66          	PinCfg_Test.Funcnum = FuncNum;
   \   0000003A   0xF88D 0x5002      STRB     R5,[SP, #+2]
     67          	PINSEL_ConfigPin((PINSEL_CFG_Type *)&PinCfg_Test);
   \   0000003E   0x4668             MOV      R0,SP
   \   00000040   0x.... 0x....      BL       PINSEL_ConfigPin
     68          }
   \   00000044   0xB007             ADD      SP,SP,#+28
   \   00000046   0xBDF0             POP      {R4-R7,PC}       ;; return
     69          
     70          //-------------------------------------------------------------------------------------------------------
     71          //函数名称:        GPIO_ReadIoVal()
     72          //功    能:         	读取引脚上值
     73          //入口参数:         GpioNum:   引脚编号，由端口*100+ 引脚编号 组成。
     74          //出口参数:		0 或1                 		
     75          //作		者:		redmorningcn
     76          //日		期:		2017-05-15
     77          //出口参数:         无
     78          //说明：            
     79          //--------------------------------------------------------------------------------------------------------

   \                                 In section .text, align 2, keep-with-next
     80          uint8	GPIO_ReadIoVal(uint32_t GpioNum)
     81          {
   \                     GPIO_ReadIoVal: (+1)
   \   00000000   0xB5F0             PUSH     {R4-R7,LR}
   \   00000002   0xB085             SUB      SP,SP,#+20
   \   00000004   0x0004             MOVS     R4,R0
     82          	uint32 		PortBuf[] = {PINSEL_PORT_0,PINSEL_PORT_1,PINSEL_PORT_2,PINSEL_PORT_3,PINSEL_PORT_4};
   \   00000006   0x4668             MOV      R0,SP
   \   00000008   0x....             LDR.N    R1,??DataTable2_2
   \   0000000A   0x2214             MOVS     R2,#+20
   \   0000000C   0x.... 0x....      BL       __aeabi_memcpy4
     83          	uint8		PortNum;
     84          	uint8		IoNum;
     85          	uint32 		PortVal;	
     86          
     87          	PortNum = GpioNum/100;
   \   00000010   0x2064             MOVS     R0,#+100
   \   00000012   0xFBB4 0xF0F0      UDIV     R0,R4,R0
   \   00000016   0x0005             MOVS     R5,R0
     88          	IoNum	= GpioNum%100;
   \   00000018   0x2064             MOVS     R0,#+100
   \   0000001A   0xFBB4 0xF1F0      UDIV     R1,R4,R0
   \   0000001E   0xFB00 0x4011      MLS      R0,R0,R1,R4
   \   00000022   0x0006             MOVS     R6,R0
     89          
     90          	GPIO_SetDir(PortBuf[PortNum], 0x01ul<<IoNum,0);
   \   00000024   0x2200             MOVS     R2,#+0
   \   00000026   0x2001             MOVS     R0,#+1
   \   00000028   0xFA10 0xF106      LSLS     R1,R0,R6
   \   0000002C   0x4668             MOV      R0,SP
   \   0000002E   0xB2ED             UXTB     R5,R5            ;; ZeroExt  R5,R5,#+24,#+24
   \   00000030   0xF850 0x0025      LDR      R0,[R0, R5, LSL #+2]
   \   00000034   0xB2C0             UXTB     R0,R0            ;; ZeroExt  R0,R0,#+24,#+24
   \   00000036   0x.... 0x....      BL       GPIO_SetDir
     91          	PortVal = GPIO_ReadValue(PortBuf[PortNum]);	
   \   0000003A   0x4668             MOV      R0,SP
   \   0000003C   0xB2ED             UXTB     R5,R5            ;; ZeroExt  R5,R5,#+24,#+24
   \   0000003E   0xF850 0x0025      LDR      R0,[R0, R5, LSL #+2]
   \   00000042   0xB2C0             UXTB     R0,R0            ;; ZeroExt  R0,R0,#+24,#+24
   \   00000044   0x.... 0x....      BL       GPIO_ReadValue
   \   00000048   0x0007             MOVS     R7,R0
     92          	
     93          	if(PortVal & 1ul<<IoNum)
   \   0000004A   0x0038             MOVS     R0,R7
   \   0000004C   0x40F0             LSRS     R0,R0,R6
   \   0000004E   0x07C0             LSLS     R0,R0,#+31
   \   00000050   0xD501             BPL.N    ??GPIO_ReadIoVal_0
     94          	{
     95          		return	1;
   \   00000052   0x2001             MOVS     R0,#+1
   \   00000054   0xE000             B.N      ??GPIO_ReadIoVal_1
     96          	}
     97          	return	0;
   \                     ??GPIO_ReadIoVal_0: (+1)
   \   00000056   0x2000             MOVS     R0,#+0
   \                     ??GPIO_ReadIoVal_1: (+1)
   \   00000058   0xB005             ADD      SP,SP,#+20
   \   0000005A   0xBDF0             POP      {R4-R7,PC}       ;; return
     98          }

   \                                 In section .text, align 4, keep-with-next
   \                     ??DataTable2:
   \   00000000   0x........         DC32     ?_0

   \                                 In section .text, align 4, keep-with-next
   \                     ??DataTable2_1:
   \   00000000   0x........         DC32     ?_1

   \                                 In section .text, align 4, keep-with-next
   \                     ??DataTable2_2:
   \   00000000   0x........         DC32     ?_2

   \                                 In section .rodata, align 4
   \                     ?_0:
   \   00000000   0x00000000         DC32 0, 1, 2, 3, 4
   \              0x00000001   
   \              0x00000002   
   \              0x00000003   
   \              0x00000004   

   \                                 In section .rodata, align 4
   \                     ?_1:
   \   00000000   0x00000000         DC32 0, 1, 2, 3, 4
   \              0x00000001   
   \              0x00000002   
   \              0x00000003   
   \              0x00000004   

   \                                 In section .rodata, align 4
   \                     ?_2:
   \   00000000   0x00000000         DC32 0, 1, 2, 3, 4
   \              0x00000001   
   \              0x00000002   
   \              0x00000003   
   \              0x00000004   

   Maximum stack usage in bytes:

   .cstack Function
   ------- --------
      48   GPIO_PinselConfig
        48   -> PINSEL_ConfigPin
        48   -> __aeabi_memcpy4
      40   GPIO_ReadIoVal
        40   -> GPIO_ReadValue
        40   -> GPIO_SetDir
        40   -> __aeabi_memcpy4
      40   GPIO_SetOrClearValue
        40   -> GPIO_ClearValue
        40   -> GPIO_SetDir
        40   -> GPIO_SetValue
        40   -> __aeabi_memcpy4


   Section sizes:

   Bytes  Function/Label
   -----  --------------
       4  ??DataTable2
       4  ??DataTable2_1
       4  ??DataTable2_2
      20  ?_0
      20  ?_1
      20  ?_2
      72  GPIO_PinselConfig
      92  GPIO_ReadIoVal
     112  GPIO_SetOrClearValue

 
  60 bytes in section .rodata
 288 bytes in section .text
 
 288 bytes of CODE  memory
  60 bytes of CONST memory

Errors: none
Warnings: none
