###############################################################################
#
# IAR ANSI C/C++ Compiler V7.50.1.10123/W32 for ARM       10/Aug/2017  10:56:47
# Copyright 1999-2015 IAR Systems AB.
#
#    Cpu mode     =  thumb
#    Endian       =  little
#    Source file  =  
#        F:\iar\NC136B-310
#        统计模块\Software\CSB\source\lpc17xx_libcfg_default.c
#    Command line =  
#        "F:\iar\NC136B-310
#        统计模块\Software\CSB\source\lpc17xx_libcfg_default.c" -lCN
#        "F:\iar\NC136B-310
#        统计模块\Software\EvalBoards\NXP\LPC1768-SK\uCOS-III\IAR\FLASH\List"
#        --diag_suppress Pa050 -o "F:\iar\NC136B-310
#        统计模块\Software\EvalBoards\NXP\LPC1768-SK\uCOS-III\IAR\FLASH\Obj"
#        --no_cse --no_unroll --no_inline --no_code_motion --no_tbaa
#        --no_clustering --no_scheduling --debug --endian=little
#        --cpu=Cortex-M3 -e --fpu=None --dlib_config "C:\Program Files
#        (x86)\IAR Systems\Embedded Workbench
#        7.3\arm\INC\c\DLib_Config_Normal.h" -I "F:\iar\NC136B-310
#        统计模块\Software\EvalBoards\NXP\LPC1768-SK\uCOS-III\IAR\" -I
#        "F:\iar\NC136B-310
#        统计模块\Software\EvalBoards\NXP\LPC1768-SK\uCOS-III\IAR\..\..\uCOS-III\"
#        -I "F:\iar\NC136B-310
#        统计模块\Software\EvalBoards\NXP\LPC1768-SK\uCOS-III\IAR\..\..\BSP\"
#        -I "F:\iar\NC136B-310
#        统计模块\Software\EvalBoards\NXP\LPC1768-SK\uCOS-III\IAR\..\..\BSP\IAR\"
#        -I "F:\iar\NC136B-310
#        统计模块\Software\EvalBoards\NXP\LPC1768-SK\uCOS-III\IAR\..\..\BSP\OS\uCOS-III\"
#        -I "F:\iar\NC136B-310
#        统计模块\Software\EvalBoards\NXP\LPC1768-SK\uCOS-III\IAR\..\..\..\..\..\uC-CSP\MCU\"
#        -I "F:\iar\NC136B-310
#        统计模块\Software\EvalBoards\NXP\LPC1768-SK\uCOS-III\IAR\..\..\..\..\..\uC-CSP\MCU\NXP\LPC17xx\LPC1768\"
#        -I "F:\iar\NC136B-310
#        统计模块\Software\EvalBoards\NXP\LPC1768-SK\uCOS-III\IAR\..\..\..\..\..\uC-CSP\MCU\NXP\LPC17xx\"
#        -I "F:\iar\NC136B-310
#        统计模块\Software\EvalBoards\NXP\LPC1768-SK\uCOS-III\IAR\..\..\..\..\..\uCOS-III\Ports\ARM-Cortex-M3\Generic\IAR\"
#        -I "F:\iar\NC136B-310
#        统计模块\Software\EvalBoards\NXP\LPC1768-SK\uCOS-III\IAR\..\..\..\..\..\uCOS-III\Ports\ARM-Cortex-M3\CSP\"
#        -I "F:\iar\NC136B-310
#        统计模块\Software\EvalBoards\NXP\LPC1768-SK\uCOS-III\IAR\..\..\..\..\..\uCOS-III\Source\"
#        -I "F:\iar\NC136B-310
#        统计模块\Software\EvalBoards\NXP\LPC1768-SK\uCOS-III\IAR\..\..\..\..\..\uC-LIB\"
#        -I "F:\iar\NC136B-310
#        统计模块\Software\EvalBoards\NXP\LPC1768-SK\uCOS-III\IAR\..\..\..\..\..\uC-CPU\"
#        -I "F:\iar\NC136B-310
#        统计模块\Software\EvalBoards\NXP\LPC1768-SK\uCOS-III\IAR\..\..\..\..\..\uC-CPU\ARM-Cortex-M3\IAR\"
#        -I "F:\iar\NC136B-310
#        统计模块\Software\EvalBoards\NXP\LPC1768-SK\uCOS-III\IAR\..\..\..\..\..\uC-MB\Source\"
#        -I "F:\iar\NC136B-310
#        统计模块\Software\EvalBoards\NXP\LPC1768-SK\uCOS-III\IAR\..\..\..\..\..\uC-MB\Cfg\Template\"
#        -I "F:\iar\NC136B-310
#        统计模块\Software\EvalBoards\NXP\LPC1768-SK\uCOS-III\IAR\..\..\..\..\..\uC-MB\Os\uCOS-III\"
#        -I "F:\iar\NC136B-310
#        统计模块\Software\EvalBoards\NXP\LPC1768-SK\uCOS-III\IAR\..\..\..\..\..\OSAL\OS\"
#        -I "F:\iar\NC136B-310
#        统计模块\Software\EvalBoards\NXP\LPC1768-SK\uCOS-III\IAR\..\..\..\..\..\OSAL\Ports\"
#        -I "F:\iar\NC136B-310
#        统计模块\Software\EvalBoards\NXP\LPC1768-SK\uCOS-III\IAR\..\..\..\..\..\APP\User\"
#        -I "F:\iar\NC136B-310
#        统计模块\Software\EvalBoards\NXP\LPC1768-SK\uCOS-III\IAR\..\..\..\..\..\APP\Iap\"
#        -I "F:\iar\NC136B-310
#        统计模块\Software\EvalBoards\NXP\LPC1768-SK\uCOS-III\IAR\..\..\..\..\..\APP\Protocol\"
#        -I "F:\iar\NC136B-310
#        统计模块\Software\EvalBoards\NXP\LPC1768-SK\uCOS-III\IAR\..\..\..\..\..\APP\Tasks\"
#        -I "F:\iar\NC136B-310
#        统计模块\Software\EvalBoards\NXP\LPC1768-SK\uCOS-III\IAR\..\..\..\..\..\APP\AES\"
#        -I "F:\iar\NC136B-310
#        统计模块\Software\EvalBoards\NXP\LPC1768-SK\uCOS-III\IAR\..\..\..\..\..\BSP\OS\OSAL\"
#        -I "F:\iar\NC136B-310
#        统计模块\Software\EvalBoards\NXP\LPC1768-SK\uCOS-III\IAR\..\..\..\..\..\CSB\include\"
#        -I "F:\iar\NC136B-310
#        统计模块\Software\EvalBoards\NXP\LPC1768-SK\uCOS-III\IAR\..\..\..\..\..\BSP\Driver\"
#        -I "F:\iar\NC136B-310
#        统计模块\Software\EvalBoards\NXP\LPC1768-SK\uCOS-III\IAR\..\..\..\..\..\..\Application\"
#        -I "F:\iar\NC136B-310
#        统计模块\Software\EvalBoards\NXP\LPC1768-SK\uCOS-III\IAR\..\..\..\..\..\..\Application\User\"
#        -I "F:\iar\NC136B-310
#        统计模块\Software\EvalBoards\NXP\LPC1768-SK\uCOS-III\IAR\..\..\..\..\..\..\Application\User\APP\"
#        -I "F:\iar\NC136B-310
#        统计模块\Software\EvalBoards\NXP\LPC1768-SK\uCOS-III\IAR\..\..\..\..\..\..\Application\User\APP\MX25L1602Drv\"
#        -I "F:\iar\NC136B-310
#        统计模块\Software\EvalBoards\NXP\LPC1768-SK\uCOS-III\IAR\..\..\..\..\..\..\Application\User\APP\OCM800600T80\"
#        -I "F:\iar\NC136B-310
#        统计模块\Software\EvalBoards\NXP\LPC1768-SK\uCOS-III\IAR\..\..\..\..\..\..\Application\User\BSP\"
#        -I "F:\iar\NC136B-310
#        统计模块\Software\EvalBoards\NXP\LPC1768-SK\uCOS-III\IAR\..\..\..\..\..\..\Application\Library\CardOperations\"
#        -I "F:\iar\NC136B-310
#        统计模块\Software\EvalBoards\NXP\LPC1768-SK\uCOS-III\IAR\..\..\..\..\..\..\Application\Library\DataDeal\"
#        -I "F:\iar\NC136B-310
#        统计模块\Software\EvalBoards\NXP\LPC1768-SK\uCOS-III\IAR\..\..\..\..\..\..\Application\Library\Driver\"
#        -I "F:\iar\NC136B-310
#        统计模块\Software\EvalBoards\NXP\LPC1768-SK\uCOS-III\IAR\..\..\..\..\..\..\Application\Library\EquipmentOperations\"
#        -I "F:\iar\NC136B-310
#        统计模块\Software\EvalBoards\NXP\LPC1768-SK\uCOS-III\IAR\..\..\..\..\..\..\Application\Library\Global\"
#        -I "F:\iar\NC136B-310
#        统计模块\Software\EvalBoards\NXP\LPC1768-SK\uCOS-III\IAR\..\..\..\..\..\..\Application\Library\MastConTask\"
#        -I "F:\iar\NC136B-310
#        统计模块\Software\EvalBoards\NXP\LPC1768-SK\uCOS-III\IAR\..\..\..\..\..\..\Application\Library\SlaveConTask\"
#        -I "F:\iar\NC136B-310
#        统计模块\Software\EvalBoards\NXP\LPC1768-SK\uCOS-III\IAR\..\..\..\..\..\..\Application\Library\SpeedTest\"
#        -I "F:\iar\NC136B-310 统计模块\Application\Library\csnr_package_deal\"
#        -On --use_c++_inline -I "C:\Program Files (x86)\IAR Systems\Embedded
#        Workbench 7.3\arm\CMSIS\Include\"
#    List file    =  
#        F:\iar\NC136B-310
#        统计模块\Software\EvalBoards\NXP\LPC1768-SK\uCOS-III\IAR\FLASH\List\lpc17xx_libcfg_default.lst
#    Object file  =  
#        F:\iar\NC136B-310
#        统计模块\Software\EvalBoards\NXP\LPC1768-SK\uCOS-III\IAR\FLASH\Obj\lpc17xx_libcfg_default.o
#
###############################################################################

F:\iar\NC136B-310 统计模块\Software\CSB\source\lpc17xx_libcfg_default.c
      1          /**********************************************************************
      2          * $Id$		lpc17xx_libcfg_default.c				2010-05-21
      3          *//**
      4          * @file		lpc17xx_libcfg_default.c
      5          * @brief	Library configuration source file (default), used to build
      6          * 			library without examples
      7          * @version	2.0
      8          * @date		21. May. 2010
      9          * @author	NXP MCU SW Application Team
     10          *
     11          * Copyright(C) 2010, NXP Semiconductor
     12          * All rights reserved.
     13          *
     14          ***********************************************************************
     15          * Software that is described herein is for illustrative purposes only
     16          * which provides customers with programming information regarding the
     17          * products. This software is supplied "AS IS" without any warranties.
     18          * NXP Semiconductors assumes no responsibility or liability for the
     19          * use of the software, conveys no license or title under any patent,
     20          * copyright, or mask work right to the product. NXP Semiconductors
     21          * reserves the right to make changes in the software without
     22          * notification. NXP Semiconductors also make no representation or
     23          * warranty that such application will be suitable for the specified
     24          * use without further testing or modification.
     25          * Permission to use, copy, modify, and distribute this software and its
     26          * documentation is hereby granted, under NXP Semiconductors'
     27          * relevant copyright in the software, without fee, provided that it
     28          * is used in conjunction with NXP Semiconductors microcontrollers.  This
     29          * copyright, permission, and disclaimer notice must appear in all copies of
     30          * this code.
     31          **********************************************************************/
     32          
     33          /* Library group ----------------------------------------------------------- */
     34          /** @addtogroup LIBCFG_DEFAULT
     35           * @{
     36           */
     37          
     38          /* Includes ------------------------------------------------------------------- */
     39          #include "lpc17xx_libcfg_default.h"
     40          
     41          /* Public Functions ----------------------------------------------------------- */
     42          /** @addtogroup LIBCFG_DEFAULT_Public_Functions
     43           * @{
     44           */
     45          
     46          #ifndef __BUILD_WITH_EXAMPLE__
     47          
     48          #ifdef  DEBUG
     49          /*******************************************************************************
     50          * @brief		Reports the name of the source file and the source line number
     51          * 				where the CHECK_PARAM error has occurred.
     52          * @param[in]	file Pointer to the source file name
     53          * @param[in]    line assert_param error line source number
     54          * @return		None
     55          *******************************************************************************/

   \                                 In section .text, align 2, keep-with-next
     56          void check_failed(uint8_t *file, uint32_t line)
     57          {
     58          	/* User can add his own implementation to report the file name and line number,
     59          	 ex: printf("Wrong parameters value: file %s on line %d\r\n", file, line) */
     60          
     61          	/* Infinite loop */
     62          	while(1);
   \                     check_failed: (+1)
   \                     ??check_failed_0: (+1)
   \   00000000   0xE7FE             B.N      ??check_failed_0
     63          }
     64          #endif /* DEBUG */
     65          
     66          #endif /* __BUILD_WITH_EXAMPLE__ */
     67          
     68          /**
     69           * @}
     70           */
     71          
     72          /**
     73           * @}
     74           */
     75          
     76          /* --------------------------------- End Of File ------------------------------ */

   Maximum stack usage in bytes:

   .cstack Function
   ------- --------
       0   check_failed


   Section sizes:

   Bytes  Function/Label
   -----  --------------
       2  check_failed

 
 2 bytes in section .text
 
 2 bytes of CODE memory

Errors: none
Warnings: none
