


ARM Macro Assembler    Page 1 


    1 00000000         ;/*
    2 00000000         ;*******************************************************
                       *************************************************
    3 00000000         ;                                    EXCEPTION VECTORS &
                        STARTUP CODE
    4 00000000         ;
    5 00000000         ; File      : cstartup.s
    6 00000000         ; For       : ARMv7M Cortex-M3
    7 00000000         ; Mode      : Thumb2
    8 00000000         ; Toolchain : RealView Development Suite
    9 00000000         ;             RealView Microcontroller Development Kit (
                       MDK)
   10 00000000         ;             ARM Developer Suite (ADS)
   11 00000000         ;             Keil uVision
   12 00000000         ;*******************************************************
                       *************************************************
   13 00000000         ;*/
   14 00000000         
   15 00000000         ;/*
   16 00000000         ;*******************************************************
                       *************************************************
   17 00000000         ;*                           <<< Use Configuration Wizar
                       d in Context Menu >>>
   18 00000000         ;*
   19 00000000         ;* Note(s) : (1) The µVision4 Configuration Wizard enabl
                       es menu driven configuration of assembler, 
   20 00000000         ;*               C/C++, or debugger initialization files
                       . The Configuration Wizard uses control items 
   21 00000000         ;*               that are embedded into the comments of 
                       the configuration file.
   22 00000000         ;*
   23 00000000         ;*******************************************************
                       *************************************************
   24 00000000         ;*/ 
   25 00000000         
   26 00000000         ;/*
   27 00000000         ;*******************************************************
                       *************************************************
   28 00000000         ;*                                              STACK DE
                       FINITIONS
   29 00000000         ;*
   30 00000000         ;* Configuration Wizard Menu:
   31 00000000         ; //<h> Stack Configuration
   32 00000000         ; //  <o> Stack Size (in Bytes) <0x0-0xFFFFFFFF:8>
   33 00000000         ; //</h>
   34 00000000         ;*******************************************************
                       **************************************************
   35 00000000         ;*/
   36 00000000         
   37 00000000 00000200 
                       Stack_Size
                               EQU              0x00000200
   38 00000000                 AREA             STACK, NOINIT, READWRITE, ALIGN
=3
   39 00000000         Stack_Mem
                               SPACE            Stack_Size
   40 00000200         __initial_sp
   41 00000200         
   42 00000200         



ARM Macro Assembler    Page 2 


   43 00000200         ;/*
   44 00000200         ;*******************************************************
                       *************************************************
   45 00000200         ;*                                              STACK DE
                       FINITIONS
   46 00000200         ; <h> Heap Configuration
   47 00000200         ;   <o>  Heap Size (in Bytes) <0x0-0xFFFFFFFF:8>
   48 00000200         ; </h>
   49 00000200         ;*******************************************************
                       **************************************************
   50 00000200         ;*/
   51 00000200         
   52 00000200 00000000 
                       Heap_Size
                               EQU              0x00000000
   53 00000200                 AREA             HEAP, NOINIT, READWRITE, ALIGN=
3
   54 00000000         __heap_base
   55 00000000         Heap_Mem
                               SPACE            Heap_Size
   56 00000000         __heap_limit
   57 00000000         
   58 00000000         
   59 00000000                 PRESERVE8
   60 00000000                 THUMB
   61 00000000         
   62 00000000         ; Vector Table Mapped to Address 0 at Reset
   63 00000000                 AREA             RESET, DATA, READONLY
   64 00000000                 EXPORT           __Vectors
   65 00000000                 IMPORT           OS_CPU_IntHandler
   66 00000000         
   67 00000000                 IMPORT           OS_CPU_PendSVHandler
   68 00000000                 IMPORT           OS_CPU_SysTickHandler
   69 00000000         
   70 00000000         
   71 00000000 00000000 
                       __Vectors
                               DCD              __initial_sp ; Top of Stack
   72 00000004 00000000        DCD              Reset_Handler ; Reset Handler
   73 00000008 00000000        DCD              App_NMI_ISR ; /*  2, NMI.      
                                                                               
                                                                              *
                                                            /
   74 0000000C 00000000        DCD              App_Fault_ISR ; /*  3, Hard Fau
                                                            lt.                
                                                                               
                                                             */
   75 00000010 00000000        DCD              App_MemFault_ISR ; /*  4, Memor
                                                            y Management.      
                                                                               
                                                                */
   76 00000014 00000000        DCD              App_BusFault_ISR ; /*  5, Bus F
                                                            ault.              
                                                                               
                                                                */
   77 00000018 00000000        DCD              App_UsageFault_ISR ; /*  6, Usa
                                                            ge Fault      .    
                                                                               
                                                                  */



ARM Macro Assembler    Page 3 


   78 0000001C 00000000        DCD              App_Spurious_ISR ; /*  7, Reser
                                                            ved.               
                                                                               
                                                                */
   79 00000020 00000000        DCD              App_Spurious_ISR ; /*  8, Reser
                                                            ved.               
                                                                               
                                                                */
   80 00000024 00000000        DCD              App_Spurious_ISR ; /*  9, Reser
                                                            ved.               
                                                                               
                                                                */
   81 00000028 00000000        DCD              App_Spurious_ISR ; /* 10, Reser
                                                            ved.               
                                                                               
                                                                */
   82 0000002C 00000000        DCD              App_Spurious_ISR ; /* 11, Reser
                                                            ved.               
                                                                               
                                                                */
   83 00000030 00000000        DCD              App_Spurious_ISR ; /* 12, Reser
                                                            ved.               
                                                                               
                                                                */
   84 00000034 00000000        DCD              App_Spurious_ISR ; /* 13, Reser
                                                            ved.               
                                                                               
                                                                */
   85 00000038 00000000        DCD              OS_CPU_PendSVHandler ; /* 14, P
                                                            endSV Handler.     
                                                                               
                                                                    */
   86 0000003C 00000000        DCD              OS_CPU_SysTickHandler ; /* 15, 
                                                            uC/OS-III Tick ISR 
                                                            Handler.           
                                                                     */
   87 00000040         
   88 00000040         
   89 00000040         ; External Interrupts
   90 00000040 00000000        DCD              OS_CPU_IntHandler ; /* 16, INTI
                                                            SR[  0]  WatchDog T
                                                            imer               
                                                                 */
   91 00000044 00000000        DCD              OS_CPU_IntHandler ; /* 17, INTI
                                                            SR[  1]  Timer 0 (M
                                                            atch 0-3 Capture 0-
                                                            3).  */
   92 00000048 00000000        DCD              OS_CPU_IntHandler ; /* 18, INTI
                                                            SR[  2]  Timer 1 (M
                                                            atch 0-3 Capture 0-
                                                            3).  */
   93 0000004C 00000000        DCD              OS_CPU_IntHandler ; /* 19, INTI
                                                            SR[  3]  Timer 2 (M
                                                            atch 0-3 Capture 0-
                                                            3).  */
   94 00000050 00000000        DCD              OS_CPU_IntHandler ; /* 20, INTI
                                                            SR[  4]  Timer 3 (M
                                                            atch 0-3 Capture 0-
                                                            3).  */



ARM Macro Assembler    Page 4 


   95 00000054 00000000        DCD              OS_CPU_IntHandler ; /* 21, INTI
                                                            SR[  5]  UART 0  (R
                                                            LS, THRE, RDA, CTI)
                                                                 */
   96 00000058 00000000        DCD              OS_CPU_IntHandler ; /* 22, INTI
                                                            SR[  6]  UART 1  (R
                                                            LS, THRE, RDA, CTI)
                                                                 */
   97 0000005C 00000000        DCD              OS_CPU_IntHandler ; /* 23, INTI
                                                            SR[  7]  UART 2  (R
                                                            LS, THRE, RDA, CTI)
                                                                 */
   98 00000060 00000000        DCD              OS_CPU_IntHandler ; /* 24, INTI
                                                            SR[  8]  UART 3  (R
                                                            LS, THRE, RDA, CTI)
                                                                 */
   99 00000064 00000000        DCD              OS_CPU_IntHandler ; /* 25, INTI
                                                            SR[  9]  PWM Interr
                                                            upt                
                                                                 */
  100 00000068 00000000        DCD              OS_CPU_IntHandler ; /* 26, INTI
                                                            SR[ 10]  I2C0   (RL
                                                            S, THRE, RDA, CTI) 
                                                                 */
  101 0000006C 00000000        DCD              OS_CPU_IntHandler ; /* 27, INTI
                                                            SR[ 11]  I2C1   (RL
                                                            S, THRE, RDA, CTI) 
                                                                 */
  102 00000070 00000000        DCD              OS_CPU_IntHandler ; /* 28, INTI
                                                            SR[ 12]  I2C2   (RL
                                                            S, THRE, RDA, CTI) 
                                                                 */
  103 00000074 00000000        DCD              OS_CPU_IntHandler ; /* 29, INTI
                                                            SR[ 13]  SPI0    (S
                                                            PIF, MODF)         
                                                                 */
  104 00000078 00000000        DCD              OS_CPU_IntHandler ; /* 30, INTI
                                                            SR[ 14]  SSP0      
                                                                               
                                                                 */
  105 0000007C 00000000        DCD              OS_CPU_IntHandler ; /* 31, INTI
                                                            SR[ 15]  SSP1      
                                                                               
                                                                 */
  106 00000080 00000000        DCD              OS_CPU_IntHandler ; /* 32, INTI
                                                            SR[ 15]  PLL lock (
                                                            PLOCK)             
                                                                 */
  107 00000084 00000000        DCD              OS_CPU_IntHandler ; /* 33, INTI
                                                            SR[ 15]  Real Time 
                                                            Clock Interrupt    
                                                                 */
  108 00000088 00000000        DCD              OS_CPU_IntHandler ; /* 34, INTI
                                                            SR[  7]  External i
                                                            nterrupt 0 (EINT0) 
                                                                 */
  109 0000008C 00000000        DCD              OS_CPU_IntHandler ; /* 35, INTI
                                                            SR[  8]  External i
                                                            nterrupt 0 (EINT0) 



ARM Macro Assembler    Page 5 


                                                                 */
  110 00000090 00000000        DCD              OS_CPU_IntHandler ; /* 36, INTI
                                                            SR[  9]  External i
                                                            nterrupt 0 (EINT0) 
                                                                 */
  111 00000094 00000000        DCD              OS_CPU_IntHandler ; /* 37, INTI
                                                            SR[ 10]  External i
                                                            nterrupt 0 (EINT0).
                                                                 */
  112 00000098 00000000        DCD              OS_CPU_IntHandler ; /* 38, INTI
                                                            SR[ 11]  A/D Conver
                                                            ter 0 end of conver
                                                            sion */
  113 0000009C 00000000        DCD              OS_CPU_IntHandler ; /* 39, INTI
                                                            SR[ 12]  Brown out 
                                                            detect             
                                                                 */
  114 000000A0 00000000        DCD              OS_CPU_IntHandler ; /* 40, INTI
                                                            SR[ 12]  USB Interr
                                                            upts, DMA Interrupt
                                                                 */
  115 000000A4 00000000        DCD              OS_CPU_IntHandler ; /* 41, INTI
                                                            SR[ 12]  CAN Interr
                                                            upt                
                                                                 */
  116 000000A8 00000000        DCD              OS_CPU_IntHandler ; /* 42, INTI
                                                            SR[ 12]  IntSattus 
                                                            of DMA channel 0/1 
                                                                 */
  117 000000AC 00000000        DCD              OS_CPU_IntHandler ; /* 23, INTI
                                                            SR[ 12]  SI (state 
                                                            change)            
                                                                 */
  118 000000B0 00000000        DCD              OS_CPU_IntHandler ; /* 44, INTI
                                                            SR[ 12]  Ethernet I
                                                            nterrupt           
                                                                 */
  119 000000B4 00000000        DCD              OS_CPU_IntHandler ; /* 45, INTI
                                                            SR[ 12]  Repetitive
                                                             interrupt timer   
                                                                 */
  120 000000B8 00000000        DCD              OS_CPU_IntHandler ; /* 46, INTI
                                                            SR[ 12]  Motor Cont
                                                            rol PWM            
                                                                 */
  121 000000BC 00000000        DCD              OS_CPU_IntHandler ; /* 47, INTI
                                                            SR[ 12]  Quadrature
                                                             Encoder           
                                                                 */
  122 000000C0 00000000        DCD              OS_CPU_IntHandler ; /* 48, INTI
                                                            SR[ 12]  PLL1 lock 
                                                            (PLOCK)            
                                                                 */
  123 000000C4 00000000        DCD              OS_CPU_IntHandler ; /* 49, INTI
                                                            SR[ 12]  USB Activi
                                                            ty                 
                                                                 */
  124 000000C8 00000000        DCD              OS_CPU_IntHandler ; /* 50, INTI
                                                            SR[ 12]  CAN Activi



ARM Macro Assembler    Page 6 


                                                            ty                 
                                                                 */
  125 000000CC         
  126 000000CC         
  127 000000CC                 IF               :LNOT::DEF:NO_CRP
  128 000000CC                 AREA             |.ARM.__at_0x02FC|, CODE, READO
NLY
  129 00000000 FFFFFFFF 
                       CRP_Key DCD              0xFFFFFFFF
  130 00000004                 ENDIF
  131 00000004         
  132 00000004         
  133 00000004                 AREA             |.text|, CODE, READONLY
  134 00000000         
  135 00000000         
  136 00000000         ; Reset Handler
  137 00000000         
  138 00000000         Reset_Handler
                               PROC
  139 00000000                 EXPORT           Reset_Handler             [WEAK
]
  140 00000000                 IMPORT           __main
  141 00000000         
  142 00000000 4807            LDR              R0, =__main
  143 00000002 4700            BX               R0
  144 00000004                 ENDP
  145 00000004         
  146 00000004         
  147 00000004         ; Dummy Exception Handlers (infinite loops which can be 
                       modified)                
  148 00000004         
  149 00000004         App_NMI_ISR
                               PROC
  150 00000004                 EXPORT           App_NMI_ISR                   [
WEAK]
  151 00000004 E7FE            B                .
  152 00000006                 ENDP
  154 00000006         App_Fault_ISR
                               PROC
  155 00000006                 EXPORT           App_Fault_ISR                 [
WEAK]
  156 00000006 E7FE            B                .
  157 00000008                 ENDP
  159 00000008         App_MemFault_ISR
                               PROC
  160 00000008                 EXPORT           App_MemFault_ISR             [W
EAK]
  161 00000008 E7FE            B                .
  162 0000000A                 ENDP
  164 0000000A         App_BusFault_ISR
                               PROC
  165 0000000A                 EXPORT           App_BusFault_ISR             [W
EAK]
  166 0000000A E7FE            B                .
  167 0000000C                 ENDP
  169 0000000C         App_UsageFault_ISR
                               PROC
  170 0000000C                 EXPORT           App_UsageFault_ISR            [
WEAK]



ARM Macro Assembler    Page 7 


  171 0000000C E7FE            B                .
  172 0000000E                 ENDP
  174 0000000E         App_Spurious_ISR
                               PROC
  175 0000000E                 EXPORT           App_Spurious_ISR               
 [WEAK]
  176 0000000E E7FE            B                .
  177 00000010                 ENDP
  179 00000010         App_Reserved_ISR
                               PROC
  180 00000010                 EXPORT           App_Reserved_ISR               
 [WEAK]
  181 00000010 E7FE            B                .
  182 00000012                 ENDP
  183 00000012         
  184 00000012         
  185 00000012 00 00           ALIGN
  186 00000014         
  187 00000014         
  188 00000014         ; User Initial Stack & Heap
  189 00000014         
  190 00000014                 IF               :DEF:__MICROLIB
  197 00000014         
  198 00000014                 IMPORT           __use_two_region_memory
  199 00000014                 EXPORT           __user_initial_stackheap
  200 00000014         
  201 00000014         __user_initial_stackheap
  202 00000014         
  203 00000014 4803            LDR              R0, =  Heap_Mem
  204 00000016 4904            LDR              R1, =(Stack_Mem + Stack_Size)
  205 00000018 4A02            LDR              R2, = (Heap_Mem +  Heap_Size)
  206 0000001A 4B04            LDR              R3, = Stack_Mem
  207 0000001C 4770            BX               LR
  208 0000001E         
  209 0000001E 00 00           ALIGN
  210 00000020         
  211 00000020                 ENDIF
  212 00000020         
  213 00000020         
  214 00000020                 END
              00000000 
              00000000 
              00000200 
              00000000 
Command Line: --debug --xref --cpu=Cortex-M3 --apcs=interwork --depend=.\obj\cs
tartup.d -o.\obj\cstartup.o -IC:\Keil\ARM\RV31\INC -IC:\Keil\ARM\CMSIS\Include 
-IC:\Keil\ARM\Inc\NXP\LPC17xx --list=.\lst\cstartup.lst ..\..\BSP\KeilMDK\cstar
tup.s



ARM Macro Assembler    Page 1 Alphabetic symbol ordering
Relocatable symbols

STACK 00000000

Symbol: STACK
   Definitions
      At line 38 in file ..\..\BSP\KeilMDK\cstartup.s
   Uses
      None
Comment: STACK unused
Stack_Mem 00000000

Symbol: Stack_Mem
   Definitions
      At line 39 in file ..\..\BSP\KeilMDK\cstartup.s
   Uses
      At line 204 in file ..\..\BSP\KeilMDK\cstartup.s
      At line 206 in file ..\..\BSP\KeilMDK\cstartup.s

__initial_sp 00000200

Symbol: __initial_sp
   Definitions
      At line 40 in file ..\..\BSP\KeilMDK\cstartup.s
   Uses
      At line 71 in file ..\..\BSP\KeilMDK\cstartup.s
Comment: __initial_sp used once
3 symbols



ARM Macro Assembler    Page 1 Alphabetic symbol ordering
Relocatable symbols

HEAP 00000000

Symbol: HEAP
   Definitions
      At line 53 in file ..\..\BSP\KeilMDK\cstartup.s
   Uses
      None
Comment: HEAP unused
Heap_Mem 00000000

Symbol: Heap_Mem
   Definitions
      At line 55 in file ..\..\BSP\KeilMDK\cstartup.s
   Uses
      At line 203 in file ..\..\BSP\KeilMDK\cstartup.s
      At line 205 in file ..\..\BSP\KeilMDK\cstartup.s

__heap_base 00000000

Symbol: __heap_base
   Definitions
      At line 54 in file ..\..\BSP\KeilMDK\cstartup.s
   Uses
      None
Comment: __heap_base unused
__heap_limit 00000000

Symbol: __heap_limit
   Definitions
      At line 56 in file ..\..\BSP\KeilMDK\cstartup.s
   Uses
      None
Comment: __heap_limit unused
4 symbols



ARM Macro Assembler    Page 1 Alphabetic symbol ordering
Relocatable symbols

RESET 00000000

Symbol: RESET
   Definitions
      At line 63 in file ..\..\BSP\KeilMDK\cstartup.s
   Uses
      None
Comment: RESET unused
__Vectors 00000000

Symbol: __Vectors
   Definitions
      At line 71 in file ..\..\BSP\KeilMDK\cstartup.s
   Uses
      At line 64 in file ..\..\BSP\KeilMDK\cstartup.s
Comment: __Vectors used once
2 symbols



ARM Macro Assembler    Page 1 Alphabetic symbol ordering
Relocatable symbols

.ARM.__at_0x02FC 00000000

Symbol: .ARM.__at_0x02FC
   Definitions
      At line 128 in file ..\..\BSP\KeilMDK\cstartup.s
   Uses
      None
Comment: .ARM.__at_0x02FC unused
CRP_Key 00000000

Symbol: CRP_Key
   Definitions
      At line 129 in file ..\..\BSP\KeilMDK\cstartup.s
   Uses
      None
Comment: CRP_Key unused
2 symbols



ARM Macro Assembler    Page 1 Alphabetic symbol ordering
Relocatable symbols

.text 00000000

Symbol: .text
   Definitions
      At line 133 in file ..\..\BSP\KeilMDK\cstartup.s
   Uses
      None
Comment: .text unused
App_BusFault_ISR 0000000A

Symbol: App_BusFault_ISR
   Definitions
      At line 164 in file ..\..\BSP\KeilMDK\cstartup.s
   Uses
      At line 76 in file ..\..\BSP\KeilMDK\cstartup.s
      At line 165 in file ..\..\BSP\KeilMDK\cstartup.s

App_Fault_ISR 00000006

Symbol: App_Fault_ISR
   Definitions
      At line 154 in file ..\..\BSP\KeilMDK\cstartup.s
   Uses
      At line 74 in file ..\..\BSP\KeilMDK\cstartup.s
      At line 155 in file ..\..\BSP\KeilMDK\cstartup.s

App_MemFault_ISR 00000008

Symbol: App_MemFault_ISR
   Definitions
      At line 159 in file ..\..\BSP\KeilMDK\cstartup.s
   Uses
      At line 75 in file ..\..\BSP\KeilMDK\cstartup.s
      At line 160 in file ..\..\BSP\KeilMDK\cstartup.s

App_NMI_ISR 00000004

Symbol: App_NMI_ISR
   Definitions
      At line 149 in file ..\..\BSP\KeilMDK\cstartup.s
   Uses
      At line 73 in file ..\..\BSP\KeilMDK\cstartup.s
      At line 150 in file ..\..\BSP\KeilMDK\cstartup.s

App_Reserved_ISR 00000010

Symbol: App_Reserved_ISR
   Definitions
      At line 179 in file ..\..\BSP\KeilMDK\cstartup.s
   Uses
      At line 180 in file ..\..\BSP\KeilMDK\cstartup.s
Comment: App_Reserved_ISR used once
App_Spurious_ISR 0000000E

Symbol: App_Spurious_ISR
   Definitions
      At line 174 in file ..\..\BSP\KeilMDK\cstartup.s
   Uses
      At line 78 in file ..\..\BSP\KeilMDK\cstartup.s



ARM Macro Assembler    Page 2 Alphabetic symbol ordering
Relocatable symbols

      At line 79 in file ..\..\BSP\KeilMDK\cstartup.s
      At line 80 in file ..\..\BSP\KeilMDK\cstartup.s
      At line 81 in file ..\..\BSP\KeilMDK\cstartup.s
      At line 82 in file ..\..\BSP\KeilMDK\cstartup.s
      At line 83 in file ..\..\BSP\KeilMDK\cstartup.s
      At line 84 in file ..\..\BSP\KeilMDK\cstartup.s
      At line 175 in file ..\..\BSP\KeilMDK\cstartup.s

App_UsageFault_ISR 0000000C

Symbol: App_UsageFault_ISR
   Definitions
      At line 169 in file ..\..\BSP\KeilMDK\cstartup.s
   Uses
      At line 77 in file ..\..\BSP\KeilMDK\cstartup.s
      At line 170 in file ..\..\BSP\KeilMDK\cstartup.s

Reset_Handler 00000000

Symbol: Reset_Handler
   Definitions
      At line 138 in file ..\..\BSP\KeilMDK\cstartup.s
   Uses
      At line 72 in file ..\..\BSP\KeilMDK\cstartup.s
      At line 139 in file ..\..\BSP\KeilMDK\cstartup.s

__user_initial_stackheap 00000014

Symbol: __user_initial_stackheap
   Definitions
      At line 201 in file ..\..\BSP\KeilMDK\cstartup.s
   Uses
      At line 199 in file ..\..\BSP\KeilMDK\cstartup.s
Comment: __user_initial_stackheap used once
10 symbols



ARM Macro Assembler    Page 1 Alphabetic symbol ordering
Absolute symbols

Heap_Size 00000000

Symbol: Heap_Size
   Definitions
      At line 52 in file ..\..\BSP\KeilMDK\cstartup.s
   Uses
      At line 55 in file ..\..\BSP\KeilMDK\cstartup.s
      At line 205 in file ..\..\BSP\KeilMDK\cstartup.s

Stack_Size 00000200

Symbol: Stack_Size
   Definitions
      At line 37 in file ..\..\BSP\KeilMDK\cstartup.s
   Uses
      At line 39 in file ..\..\BSP\KeilMDK\cstartup.s
      At line 204 in file ..\..\BSP\KeilMDK\cstartup.s

2 symbols



ARM Macro Assembler    Page 1 Alphabetic symbol ordering
External symbols

OS_CPU_IntHandler 00000000

Symbol: OS_CPU_IntHandler
   Definitions
      At line 65 in file ..\..\BSP\KeilMDK\cstartup.s
   Uses
      At line 90 in file ..\..\BSP\KeilMDK\cstartup.s
      At line 91 in file ..\..\BSP\KeilMDK\cstartup.s
      At line 92 in file ..\..\BSP\KeilMDK\cstartup.s
      At line 93 in file ..\..\BSP\KeilMDK\cstartup.s
      At line 94 in file ..\..\BSP\KeilMDK\cstartup.s
      At line 95 in file ..\..\BSP\KeilMDK\cstartup.s
      At line 96 in file ..\..\BSP\KeilMDK\cstartup.s
      At line 97 in file ..\..\BSP\KeilMDK\cstartup.s
      At line 98 in file ..\..\BSP\KeilMDK\cstartup.s
      At line 99 in file ..\..\BSP\KeilMDK\cstartup.s
      At line 100 in file ..\..\BSP\KeilMDK\cstartup.s
      At line 101 in file ..\..\BSP\KeilMDK\cstartup.s
      At line 102 in file ..\..\BSP\KeilMDK\cstartup.s
      At line 103 in file ..\..\BSP\KeilMDK\cstartup.s
      At line 104 in file ..\..\BSP\KeilMDK\cstartup.s
      At line 105 in file ..\..\BSP\KeilMDK\cstartup.s
      At line 106 in file ..\..\BSP\KeilMDK\cstartup.s
      At line 107 in file ..\..\BSP\KeilMDK\cstartup.s
      At line 108 in file ..\..\BSP\KeilMDK\cstartup.s
      At line 109 in file ..\..\BSP\KeilMDK\cstartup.s
      At line 110 in file ..\..\BSP\KeilMDK\cstartup.s
      At line 111 in file ..\..\BSP\KeilMDK\cstartup.s
      At line 112 in file ..\..\BSP\KeilMDK\cstartup.s
      At line 113 in file ..\..\BSP\KeilMDK\cstartup.s
      At line 114 in file ..\..\BSP\KeilMDK\cstartup.s
      At line 115 in file ..\..\BSP\KeilMDK\cstartup.s
      At line 116 in file ..\..\BSP\KeilMDK\cstartup.s
      At line 117 in file ..\..\BSP\KeilMDK\cstartup.s
      At line 118 in file ..\..\BSP\KeilMDK\cstartup.s
      At line 119 in file ..\..\BSP\KeilMDK\cstartup.s
      At line 120 in file ..\..\BSP\KeilMDK\cstartup.s
      At line 121 in file ..\..\BSP\KeilMDK\cstartup.s
      At line 122 in file ..\..\BSP\KeilMDK\cstartup.s
      At line 123 in file ..\..\BSP\KeilMDK\cstartup.s
      At line 124 in file ..\..\BSP\KeilMDK\cstartup.s

OS_CPU_PendSVHandler 00000000

Symbol: OS_CPU_PendSVHandler
   Definitions
      At line 67 in file ..\..\BSP\KeilMDK\cstartup.s
   Uses
      At line 85 in file ..\..\BSP\KeilMDK\cstartup.s
Comment: OS_CPU_PendSVHandler used once
OS_CPU_SysTickHandler 00000000

Symbol: OS_CPU_SysTickHandler
   Definitions
      At line 68 in file ..\..\BSP\KeilMDK\cstartup.s
   Uses
      At line 86 in file ..\..\BSP\KeilMDK\cstartup.s
Comment: OS_CPU_SysTickHandler used once
__main 00000000



ARM Macro Assembler    Page 2 Alphabetic symbol ordering
External symbols


Symbol: __main
   Definitions
      At line 140 in file ..\..\BSP\KeilMDK\cstartup.s
   Uses
      At line 142 in file ..\..\BSP\KeilMDK\cstartup.s
Comment: __main used once
__use_two_region_memory 00000000

Symbol: __use_two_region_memory
   Definitions
      At line 198 in file ..\..\BSP\KeilMDK\cstartup.s
   Uses
      None
Comment: __use_two_region_memory unused
5 symbols
364 symbols in table
